2026-02-11 00:31:26 | reportloaderoutput | /opt/MedallionFiles/data/reportloaderoutput//TRIAL BALANCE_2026021131321300.pdf
2026-02-11 00:33:26 | reportloaderoutput | /opt/MedallionFiles/data/reportloaderoutput//TRIAL BALANCE_2026021147510310.pdf
2026-02-11 00:37:26 | reportloaderoutput | /opt/MedallionFiles/data/reportloaderoutput//LAPORAN AKTIVA DAN KEWAJIBAN REKSADANA_2026021113605340.pdf
2026-02-11 08:58:45 | reportloaderoutput | /opt/MedallionFiles/data/reportloaderoutput//FUND BILLING REPORT_2026021117199588.pdf
2026-02-11 09:00:45 | reportloaderoutput | /opt/MedallionFiles/data/reportloaderoutput//TRIAL BALANCE_202602113354709.pdf
2026-02-11 09:02:45 | reportloaderoutput | /opt/MedallionFiles/data/reportloaderoutput//FUND BILLING REPORT_202602112817929.xlsx
2026-02-11 09:02:45 | reportloaderoutput | /opt/MedallionFiles/data/reportloaderoutput//FUND BILLING REPORT_202602114825919.xlsx
2026-02-11 09:04:45 | reportloaderoutput | /opt/MedallionFiles/data/reportloaderoutput//FUND BILLING REPORT_202602115134139.pdf
2026-02-11 09:08:45 | reportloaderoutput | /opt/MedallionFiles/data/reportloaderoutput//PAYMENT PAYABLE REPORT_20260211315189.xlsx
2026-02-11 09:15:45 | reportloaderoutput | /opt/MedallionFiles/data/reportloaderoutput//FUND BILLING REPORT_202602114053159.pdf
2026-02-11 09:16:45 | reportloaderoutput | /opt/MedallionFiles/data/reportloaderoutput//FUND BILLING REPORT_2026021129449169.pdf
2026-02-11 09:17:46 | reportloaderoutput | /opt/MedallionFiles/data/reportloaderoutput//FUND BILLING REPORT_2026021117842179.pdf
2026-02-11 09:18:46 | reportloaderoutput | /opt/MedallionFiles/data/reportloaderoutput//UNIT CONFIRMATION LETTER_2026021146336179.pdf
2026-02-11 09:20:46 | reportloaderoutput | /opt/MedallionFiles/data/reportloaderoutput//UNIT CONFIRMATION LETTER_202602111326209.pdf
2026-02-11 09:22:46 | reportloaderoutput | /opt/MedallionFiles/data/reportloaderoutput//UNIT TRUST REPORT_2026021154312219.pdf
2026-02-11 09:25:46 | reportloaderoutput | /opt/MedallionFiles/data/reportloaderoutput//UNIT TRUST REPORT_2026021120909249.pdf
2026-02-11 09:26:46 | reportloaderoutput | /opt/MedallionFiles/data/reportloaderoutput//PORTFOLIO REPORT_2026021118910269.xlsx
2026-02-11 09:26:46 | reportloaderoutput | /opt/MedallionFiles/data/reportloaderoutput//UNIT TRUST REPORT_2026021125492259.pdf
2026-02-11 09:27:46 | reportloaderoutput | /opt/MedallionFiles/data/reportloaderoutput//TRIAL BALANCE_2026021121125279.pdf
2026-02-11 09:28:46 | reportloaderoutput | /opt/MedallionFiles/data/reportloaderoutput//ACCRUED INTEREST REPORT_2026021130507289.xlsx
2026-02-11 09:28:46 | reportloaderoutput | /opt/MedallionFiles/data/reportloaderoutput//ACCRUED INTEREST REPORT_2026021143861279.xlsx
2026-02-11 09:28:46 | reportloaderoutput | /opt/MedallionFiles/data/reportloaderoutput//TRIAL BALANCE_2026021137365289.pdf
2026-02-11 09:30:46 | reportloaderoutput | /opt/MedallionFiles/data/reportloaderoutput//UNIT CONFIRMATION LETTER_202602117537309.pdf
2026-02-11 09:32:46 | reportloaderoutput | /opt/MedallionFiles/data/reportloaderoutput//TRIAL BALANCE_2026021141214319.pdf
2026-02-11 09:34:46 | reportloaderoutput | /opt/MedallionFiles/data/reportloaderoutput//LAPORAN AKTIVA DAN KEWAJIBAN REKSADANA_2026021148539339.pdf
2026-02-11 09:34:46 | reportloaderoutput | /opt/MedallionFiles/data/reportloaderoutput//TRIAL BALANCE_2026021143853339.pdf
2026-02-11 09:35:46 | reportloaderoutput | /opt/MedallionFiles/data/reportloaderoutput//TRIAL BALANCE_202602110631359.pdf
2026-02-11 09:36:46 | reportloaderoutput | /opt/MedallionFiles/data/reportloaderoutput//TRIAL BALANCE_2026021125138369.pdf
2026-02-11 09:38:46 | reportloaderoutput | /opt/MedallionFiles/data/reportloaderoutput//TRIAL BALANCE_2026021148908379.pdf
2026-02-11 09:40:46 | reportloaderoutput | /opt/MedallionFiles/data/reportloaderoutput//LEDGER REPORT_2026021122804409.xlsx
2026-02-11 09:41:46 | reportloaderoutput | /opt/MedallionFiles/data/reportloaderoutput//LEDGER REPORT_202602114722419.xlsx
2026-02-11 09:53:47 | reportloaderoutput | /opt/MedallionFiles/data/reportloaderoutput//ACCRUED INTEREST REPORT_2026021116659539.xlsx
2026-02-11 09:54:47 | reportloaderoutput | /opt/MedallionFiles/data/reportloaderoutput//TRIAL BALANCE_2026021117274549.pdf
2026-02-11 09:55:47 | reportloaderoutput | /opt/MedallionFiles/data/reportloaderoutput//UNIT TRUST REPORT_2026021134924549.pdf
