2026-02-11 00:15:06,996 [[ACTIVE] ExecuteThread: '0' for queue: 'weblogic.kernel.Default (self-tuning)'] INFO  ContextLoader  272 - Root WebApplicationContext: initialization started
2026-02-11 00:15:07,147 [[ACTIVE] ExecuteThread: '0' for queue: 'weblogic.kernel.Default (self-tuning)'] INFO  XmlWebApplicationContext  495 - Refreshing Root WebApplicationContext: startup date [Wed Feb 11 00:15:07 WIB 2026]; root of context hierarchy
2026-02-11 00:15:07,318 [[ACTIVE] ExecuteThread: '0' for queue: 'weblogic.kernel.Default (self-tuning)'] INFO  XmlBeanDefinitionReader  315 - Loading XML bean definitions from class path resource [applicationContext.xml]
2026-02-11 00:15:07,451 [[ACTIVE] ExecuteThread: '0' for queue: 'weblogic.kernel.Default (self-tuning)'] INFO  ClassPathBeanDefinitionScanner  201 - JSR-250 'javax.annotation.ManagedBean' found and supported for component scanning
2026-02-11 00:15:07,452 [[ACTIVE] ExecuteThread: '0' for queue: 'weblogic.kernel.Default (self-tuning)'] INFO  ClassPathBeanDefinitionScanner  209 - JSR-330 'javax.inject.Named' annotation found and supported for component scanning
2026-02-11 00:15:07,601 [[ACTIVE] ExecuteThread: '0' for queue: 'weblogic.kernel.Default (self-tuning)'] INFO  AutowiredAnnotationBeanPostProcessor  139 - JSR-330 'javax.inject.Inject' annotation found and supported for autowiring
2026-02-11 00:15:07,649 [[ACTIVE] ExecuteThread: '0' for queue: 'weblogic.kernel.Default (self-tuning)'] INFO  DefaultListableBeanFactory  557 - Pre-instantiating singletons in org.springframework.beans.factory.support.DefaultListableBeanFactory@5215906e: defining beans [penthaoService,org.springframework.context.annotation.internalConfigurationAnnotationProcessor,org.springframework.context.annotation.internalAutowiredAnnotationProcessor,org.springframework.context.annotation.internalRequiredAnnotationProcessor,org.springframework.context.annotation.internalCommonAnnotationProcessor,org.springframework.context.annotation.internalPersistenceAnnotationProcessor,org.springframework.aop.config.internalAutoProxyCreator,org.springframework.transaction.annotation.AnnotationTransactionAttributeSource#0,org.springframework.transaction.interceptor.TransactionInterceptor#0,org.springframework.transaction.config.internalTransactionAdvisor,org.springframework.context.annotation.ConfigurationClassPostProcessor$ImportAwareBeanPostProcessor#0]; root of factory hierarchy
2026-02-11 00:15:07,654 [[ACTIVE] ExecuteThread: '0' for queue: 'weblogic.kernel.Default (self-tuning)'] DEBUG PenthaoServiceImpl  57 - Start Penthao Report Engine ...
2026-02-11 00:15:08,517 [[ACTIVE] ExecuteThread: '0' for queue: 'weblogic.kernel.Default (self-tuning)'] INFO  ContextLoader  301 - Root WebApplicationContext: initialization completed in 1518 ms
2026-02-11 00:15:09,678 [[ACTIVE] ExecuteThread: '0' for queue: 'weblogic.kernel.Default (self-tuning)'] INFO  DispatcherServlet  444 - FrameworkServlet 'httpinvoker': initialization started
2026-02-11 00:15:09,682 [[ACTIVE] ExecuteThread: '0' for queue: 'weblogic.kernel.Default (self-tuning)'] INFO  XmlWebApplicationContext  495 - Refreshing WebApplicationContext for namespace 'httpinvoker-servlet': startup date [Wed Feb 11 00:15:09 WIB 2026]; parent: Root WebApplicationContext
2026-02-11 00:15:09,687 [[ACTIVE] ExecuteThread: '0' for queue: 'weblogic.kernel.Default (self-tuning)'] INFO  XmlBeanDefinitionReader  315 - Loading XML bean definitions from ServletContext resource [/WEB-INF/httpinvoker-servlet.xml]
2026-02-11 00:15:09,707 [[ACTIVE] ExecuteThread: '0' for queue: 'weblogic.kernel.Default (self-tuning)'] INFO  DefaultListableBeanFactory  557 - Pre-instantiating singletons in org.springframework.beans.factory.support.DefaultListableBeanFactory@6c1b7242: defining beans [/PenthaoService.http]; parent: org.springframework.beans.factory.support.DefaultListableBeanFactory@5215906e
2026-02-11 00:15:09,741 [[ACTIVE] ExecuteThread: '0' for queue: 'weblogic.kernel.Default (self-tuning)'] INFO  BeanNameUrlHandlerMapping  314 - Mapped URL path [/PenthaoService.http] onto handler '/PenthaoService.http'
2026-02-11 00:15:09,927 [[ACTIVE] ExecuteThread: '0' for queue: 'weblogic.kernel.Default (self-tuning)'] INFO  DispatcherServlet  463 - FrameworkServlet 'httpinvoker': initialization completed in 248 ms
2026-02-11 08:58:17,238 [[ACTIVE] ExecuteThread: '11' for queue: 'weblogic.kernel.Default (self-tuning)'] DEBUG PenthaoServiceImpl  64 - generateReport queue=GnReportQueue[queueKey=null,reportFile=RPT_FundBillingManagement.prpt,outputType=PDF,processed=false,resultFilename=null,json=[{"field":"dateFrom","type":"Date","value":"1767200400000"},{"field":"coa","type":"String","value":"2010204"},{"field":"billing","type":"String","value":"CF"},{"field":"fund","type":"String","value":"BZ002PFCRBPM3737"},{"field":"transferDate","type":"Date","value":"1770829200000"},{"field":"year","type":"String","value":"2026"},{"field":"month","type":"String","value":"01"},{"field":"dateTo","type":"Date","value":"1769706000000"},{"field":"cbest_fee","type":"String","value":null},{"field":"trade_frequency","type":"String","value":null}],path=/opt/MedallionFiles/data/reportloaderoutput/,filename=FUND BILLING REPORT_2026021117199588,retry=0,createdDate=null,latestErrorMessage=null,prePackage=null,postPackage=null,], rootDir=/opt/MedallionFiles/data/attachments/reportloader/valid/
2026-02-11 08:58:17,239 [[ACTIVE] ExecuteThread: '11' for queue: 'weblogic.kernel.Default (self-tuning)'] DEBUG PenthaoServiceImpl  341 - initReportDefinition reportFile=RPT_FundBillingManagement.prpt, rootDir=/opt/MedallionFiles/data/attachments/reportloader/valid/
2026-02-11 08:58:17,650 [[ACTIVE] ExecuteThread: '11' for queue: 'weblogic.kernel.Default (self-tuning)'] DEBUG PenthaoServiceImpl  68 - This Report use parameters
2026-02-11 08:58:17,651 [[ACTIVE] ExecuteThread: '11' for queue: 'weblogic.kernel.Default (self-tuning)'] DEBUG PenthaoServiceImpl  70 - Parameter : fund = String
2026-02-11 08:58:17,651 [[ACTIVE] ExecuteThread: '11' for queue: 'weblogic.kernel.Default (self-tuning)'] DEBUG PenthaoServiceImpl  70 - Parameter : billing = String
2026-02-11 08:58:17,651 [[ACTIVE] ExecuteThread: '11' for queue: 'weblogic.kernel.Default (self-tuning)'] DEBUG PenthaoServiceImpl  70 - Parameter : coa = String
2026-02-11 08:58:17,652 [[ACTIVE] ExecuteThread: '11' for queue: 'weblogic.kernel.Default (self-tuning)'] DEBUG PenthaoServiceImpl  70 - Parameter : dateFrom = Date
2026-02-11 08:58:17,652 [[ACTIVE] ExecuteThread: '11' for queue: 'weblogic.kernel.Default (self-tuning)'] DEBUG PenthaoServiceImpl  70 - Parameter : dateTo = Date
2026-02-11 08:58:17,652 [[ACTIVE] ExecuteThread: '11' for queue: 'weblogic.kernel.Default (self-tuning)'] DEBUG PenthaoServiceImpl  70 - Parameter : month = String
2026-02-11 08:58:17,652 [[ACTIVE] ExecuteThread: '11' for queue: 'weblogic.kernel.Default (self-tuning)'] DEBUG PenthaoServiceImpl  70 - Parameter : year = String
2026-02-11 08:58:17,652 [[ACTIVE] ExecuteThread: '11' for queue: 'weblogic.kernel.Default (self-tuning)'] DEBUG PenthaoServiceImpl  70 - Parameter : transferDate = Date
2026-02-11 08:58:17,653 [[ACTIVE] ExecuteThread: '11' for queue: 'weblogic.kernel.Default (self-tuning)'] DEBUG PenthaoServiceImpl  70 - Parameter : trade_frequency = String
2026-02-11 08:58:17,653 [[ACTIVE] ExecuteThread: '11' for queue: 'weblogic.kernel.Default (self-tuning)'] DEBUG PenthaoServiceImpl  70 - Parameter : cbest_fee = String
2026-02-11 08:58:17,802 [[ACTIVE] ExecuteThread: '11' for queue: 'weblogic.kernel.Default (self-tuning)'] DEBUG PenthaoServiceImpl  81 - Complete target file name : /opt/MedallionFiles/data/reportloaderoutput//FUND BILLING REPORT_2026021117199588
2026-02-11 08:58:24,379 [[ACTIVE] ExecuteThread: '11' for queue: 'weblogic.kernel.Default (self-tuning)'] DEBUG PenthaoServiceImpl  159 - Complete generating report on /opt/MedallionFiles/data/reportloaderoutput//FUND BILLING REPORT_2026021117199588.pdf
2026-02-11 08:58:24,393 [[ACTIVE] ExecuteThread: '4' for queue: 'weblogic.kernel.Default (self-tuning)'] DEBUG PenthaoServiceImpl  489 - getFile receive=com.simian.medallion.vo.FileReceive@c0f79ba
2026-02-11 09:00:33,556 [[ACTIVE] ExecuteThread: '11' for queue: 'weblogic.kernel.Default (self-tuning)'] DEBUG PenthaoServiceImpl  64 - generateReport queue=GnReportQueue[queueKey=null,reportFile=TrialBalance.prpt,outputType=PDF,processed=false,resultFilename=null,json=[{"field":"DateTo","type":"Date","value":"1769706000000"},{"field":"DateFrom","type":"Date","value":"1769706000000"},{"field":"fund_key","type":"String","value":"10821"},{"field":"fund_manager","type":"String","value":" All"}],path=/opt/MedallionFiles/data/reportloaderoutput/,filename=TRIAL BALANCE_202602113354709,retry=0,createdDate=null,latestErrorMessage=null,prePackage=null,postPackage=null,], rootDir=/opt/MedallionFiles/data/attachments/reportloader/valid/
2026-02-11 09:00:33,557 [[ACTIVE] ExecuteThread: '11' for queue: 'weblogic.kernel.Default (self-tuning)'] DEBUG PenthaoServiceImpl  341 - initReportDefinition reportFile=TrialBalance.prpt, rootDir=/opt/MedallionFiles/data/attachments/reportloader/valid/
2026-02-11 09:00:33,608 [[ACTIVE] ExecuteThread: '11' for queue: 'weblogic.kernel.Default (self-tuning)'] DEBUG PenthaoServiceImpl  68 - This Report use parameters
2026-02-11 09:00:33,608 [[ACTIVE] ExecuteThread: '11' for queue: 'weblogic.kernel.Default (self-tuning)'] DEBUG PenthaoServiceImpl  70 - Parameter : fund_key = String
2026-02-11 09:00:33,608 [[ACTIVE] ExecuteThread: '11' for queue: 'weblogic.kernel.Default (self-tuning)'] DEBUG PenthaoServiceImpl  70 - Parameter : DateFrom = Date
2026-02-11 09:00:33,608 [[ACTIVE] ExecuteThread: '11' for queue: 'weblogic.kernel.Default (self-tuning)'] DEBUG PenthaoServiceImpl  70 - Parameter : DateTo = Date
2026-02-11 09:00:33,609 [[ACTIVE] ExecuteThread: '11' for queue: 'weblogic.kernel.Default (self-tuning)'] DEBUG PenthaoServiceImpl  70 - Parameter : fund_manager = String
2026-02-11 09:00:33,610 [[ACTIVE] ExecuteThread: '11' for queue: 'weblogic.kernel.Default (self-tuning)'] DEBUG PenthaoServiceImpl  81 - Complete target file name : /opt/MedallionFiles/data/reportloaderoutput//TRIAL BALANCE_202602113354709
2026-02-11 09:00:35,224 [[ACTIVE] ExecuteThread: '11' for queue: 'weblogic.kernel.Default (self-tuning)'] DEBUG PenthaoServiceImpl  159 - Complete generating report on /opt/MedallionFiles/data/reportloaderoutput//TRIAL BALANCE_202602113354709.pdf
2026-02-11 09:00:35,230 [[ACTIVE] ExecuteThread: '11' for queue: 'weblogic.kernel.Default (self-tuning)'] DEBUG PenthaoServiceImpl  489 - getFile receive=com.simian.medallion.vo.FileReceive@31ce7889
2026-02-11 09:03:51,353 [[ACTIVE] ExecuteThread: '4' for queue: 'weblogic.kernel.Default (self-tuning)'] DEBUG PenthaoServiceImpl  64 - generateReport queue=GnReportQueue[queueKey=null,reportFile=RPT_FundBillingManagement.prpt,outputType=PDF,processed=false,resultFilename=null,json=[{"field":"dateFrom","type":"Date","value":"1767200400000"},{"field":"coa","type":"String","value":"2010204"},{"field":"billing","type":"String","value":"CF"},{"field":"fund","type":"String","value":"JFI02FICCORTHE00"},{"field":"transferDate","type":"Date","value":"1770829200000"},{"field":"year","type":"String","value":"2026"},{"field":"month","type":"String","value":"01"},{"field":"dateTo","type":"Date","value":"1769706000000"},{"field":"cbest_fee","type":"String","value":null},{"field":"trade_frequency","type":"String","value":null}],path=/opt/MedallionFiles/data/reportloaderoutput/,filename=FUND BILLING REPORT_202602115134139,retry=0,createdDate=null,latestErrorMessage=null,prePackage=null,postPackage=null,], rootDir=/opt/MedallionFiles/data/attachments/reportloader/valid/
2026-02-11 09:03:51,354 [[ACTIVE] ExecuteThread: '4' for queue: 'weblogic.kernel.Default (self-tuning)'] DEBUG PenthaoServiceImpl  341 - initReportDefinition reportFile=RPT_FundBillingManagement.prpt, rootDir=/opt/MedallionFiles/data/attachments/reportloader/valid/
2026-02-11 09:03:51,420 [[ACTIVE] ExecuteThread: '4' for queue: 'weblogic.kernel.Default (self-tuning)'] DEBUG PenthaoServiceImpl  68 - This Report use parameters
2026-02-11 09:03:51,421 [[ACTIVE] ExecuteThread: '4' for queue: 'weblogic.kernel.Default (self-tuning)'] DEBUG PenthaoServiceImpl  70 - Parameter : fund = String
2026-02-11 09:03:51,422 [[ACTIVE] ExecuteThread: '4' for queue: 'weblogic.kernel.Default (self-tuning)'] DEBUG PenthaoServiceImpl  70 - Parameter : billing = String
2026-02-11 09:03:51,422 [[ACTIVE] ExecuteThread: '4' for queue: 'weblogic.kernel.Default (self-tuning)'] DEBUG PenthaoServiceImpl  70 - Parameter : coa = String
2026-02-11 09:03:51,423 [[ACTIVE] ExecuteThread: '4' for queue: 'weblogic.kernel.Default (self-tuning)'] DEBUG PenthaoServiceImpl  70 - Parameter : dateFrom = Date
2026-02-11 09:03:51,423 [[ACTIVE] ExecuteThread: '4' for queue: 'weblogic.kernel.Default (self-tuning)'] DEBUG PenthaoServiceImpl  70 - Parameter : dateTo = Date
2026-02-11 09:03:51,423 [[ACTIVE] ExecuteThread: '4' for queue: 'weblogic.kernel.Default (self-tuning)'] DEBUG PenthaoServiceImpl  70 - Parameter : month = String
2026-02-11 09:03:51,423 [[ACTIVE] ExecuteThread: '4' for queue: 'weblogic.kernel.Default (self-tuning)'] DEBUG PenthaoServiceImpl  70 - Parameter : year = String
2026-02-11 09:03:51,424 [[ACTIVE] ExecuteThread: '4' for queue: 'weblogic.kernel.Default (self-tuning)'] DEBUG PenthaoServiceImpl  70 - Parameter : transferDate = Date
2026-02-11 09:03:51,424 [[ACTIVE] ExecuteThread: '4' for queue: 'weblogic.kernel.Default (self-tuning)'] DEBUG PenthaoServiceImpl  70 - Parameter : trade_frequency = String
2026-02-11 09:03:51,424 [[ACTIVE] ExecuteThread: '4' for queue: 'weblogic.kernel.Default (self-tuning)'] DEBUG PenthaoServiceImpl  70 - Parameter : cbest_fee = String
2026-02-11 09:03:51,430 [[ACTIVE] ExecuteThread: '4' for queue: 'weblogic.kernel.Default (self-tuning)'] DEBUG PenthaoServiceImpl  81 - Complete target file name : /opt/MedallionFiles/data/reportloaderoutput//FUND BILLING REPORT_202602115134139
2026-02-11 09:03:56,030 [[ACTIVE] ExecuteThread: '4' for queue: 'weblogic.kernel.Default (self-tuning)'] DEBUG PenthaoServiceImpl  159 - Complete generating report on /opt/MedallionFiles/data/reportloaderoutput//FUND BILLING REPORT_202602115134139.pdf
2026-02-11 09:03:56,036 [[ACTIVE] ExecuteThread: '10' for queue: 'weblogic.kernel.Default (self-tuning)'] DEBUG PenthaoServiceImpl  489 - getFile receive=com.simian.medallion.vo.FileReceive@60d028f
2026-02-11 09:15:40,064 [[ACTIVE] ExecuteThread: '6' for queue: 'weblogic.kernel.Default (self-tuning)'] DEBUG PenthaoServiceImpl  64 - generateReport queue=GnReportQueue[queueKey=null,reportFile=RPT_FundBillingManagement.prpt,outputType=PDF,processed=false,resultFilename=null,json=[{"field":"dateFrom","type":"Date","value":"1767200400000"},{"field":"coa","type":"String","value":"2010204"},{"field":"billing","type":"String","value":"CF"},{"field":"fund","type":"String","value":"PI002EQCDPRIMA00"},{"field":"transferDate","type":"Date","value":"1770829200000"},{"field":"year","type":"String","value":"2026"},{"field":"month","type":"String","value":"01"},{"field":"dateTo","type":"Date","value":"1769706000000"},{"field":"cbest_fee","type":"String","value":"104744"},{"field":"trade_frequency","type":"String","value":"5"}],path=/opt/MedallionFiles/data/reportloaderoutput/,filename=FUND BILLING REPORT_202602114053159,retry=0,createdDate=null,latestErrorMessage=null,prePackage=null,postPackage=null,], rootDir=/opt/MedallionFiles/data/attachments/reportloader/valid/
2026-02-11 09:15:40,065 [[ACTIVE] ExecuteThread: '6' for queue: 'weblogic.kernel.Default (self-tuning)'] DEBUG PenthaoServiceImpl  341 - initReportDefinition reportFile=RPT_FundBillingManagement.prpt, rootDir=/opt/MedallionFiles/data/attachments/reportloader/valid/
2026-02-11 09:15:40,111 [[ACTIVE] ExecuteThread: '6' for queue: 'weblogic.kernel.Default (self-tuning)'] DEBUG PenthaoServiceImpl  68 - This Report use parameters
2026-02-11 09:15:40,111 [[ACTIVE] ExecuteThread: '6' for queue: 'weblogic.kernel.Default (self-tuning)'] DEBUG PenthaoServiceImpl  70 - Parameter : fund = String
2026-02-11 09:15:40,112 [[ACTIVE] ExecuteThread: '6' for queue: 'weblogic.kernel.Default (self-tuning)'] DEBUG PenthaoServiceImpl  70 - Parameter : billing = String
2026-02-11 09:15:40,112 [[ACTIVE] ExecuteThread: '6' for queue: 'weblogic.kernel.Default (self-tuning)'] DEBUG PenthaoServiceImpl  70 - Parameter : coa = String
2026-02-11 09:15:40,112 [[ACTIVE] ExecuteThread: '6' for queue: 'weblogic.kernel.Default (self-tuning)'] DEBUG PenthaoServiceImpl  70 - Parameter : dateFrom = Date
2026-02-11 09:15:40,112 [[ACTIVE] ExecuteThread: '6' for queue: 'weblogic.kernel.Default (self-tuning)'] DEBUG PenthaoServiceImpl  70 - Parameter : dateTo = Date
2026-02-11 09:15:40,112 [[ACTIVE] ExecuteThread: '6' for queue: 'weblogic.kernel.Default (self-tuning)'] DEBUG PenthaoServiceImpl  70 - Parameter : month = String
2026-02-11 09:15:40,113 [[ACTIVE] ExecuteThread: '6' for queue: 'weblogic.kernel.Default (self-tuning)'] DEBUG PenthaoServiceImpl  70 - Parameter : year = String
2026-02-11 09:15:40,113 [[ACTIVE] ExecuteThread: '6' for queue: 'weblogic.kernel.Default (self-tuning)'] DEBUG PenthaoServiceImpl  70 - Parameter : transferDate = Date
2026-02-11 09:15:40,113 [[ACTIVE] ExecuteThread: '6' for queue: 'weblogic.kernel.Default (self-tuning)'] DEBUG PenthaoServiceImpl  70 - Parameter : trade_frequency = String
2026-02-11 09:15:40,113 [[ACTIVE] ExecuteThread: '6' for queue: 'weblogic.kernel.Default (self-tuning)'] DEBUG PenthaoServiceImpl  70 - Parameter : cbest_fee = String
2026-02-11 09:15:40,114 [[ACTIVE] ExecuteThread: '6' for queue: 'weblogic.kernel.Default (self-tuning)'] DEBUG PenthaoServiceImpl  81 - Complete target file name : /opt/MedallionFiles/data/reportloaderoutput//FUND BILLING REPORT_202602114053159
2026-02-11 09:15:43,277 [[ACTIVE] ExecuteThread: '6' for queue: 'weblogic.kernel.Default (self-tuning)'] DEBUG PenthaoServiceImpl  159 - Complete generating report on /opt/MedallionFiles/data/reportloaderoutput//FUND BILLING REPORT_202602114053159.pdf
2026-02-11 09:15:43,282 [[ACTIVE] ExecuteThread: '4' for queue: 'weblogic.kernel.Default (self-tuning)'] DEBUG PenthaoServiceImpl  489 - getFile receive=com.simian.medallion.vo.FileReceive@48fe4a2c
2026-02-11 09:16:29,459 [[ACTIVE] ExecuteThread: '6' for queue: 'weblogic.kernel.Default (self-tuning)'] DEBUG PenthaoServiceImpl  64 - generateReport queue=GnReportQueue[queueKey=null,reportFile=RPT_FundBillingManagement.prpt,outputType=PDF,processed=false,resultFilename=null,json=[{"field":"dateFrom","type":"Date","value":"1767200400000"},{"field":"coa","type":"String","value":"2010204"},{"field":"billing","type":"String","value":"CF"},{"field":"fund","type":"String","value":"PLA02EQCDANCEM00"},{"field":"transferDate","type":"Date","value":"1770829200000"},{"field":"year","type":"String","value":"2026"},{"field":"month","type":"String","value":"01"},{"field":"dateTo","type":"Date","value":"1769706000000"},{"field":"cbest_fee","type":"String","value":"220991"},{"field":"trade_frequency","type":"String","value":"400"}],path=/opt/MedallionFiles/data/reportloaderoutput/,filename=FUND BILLING REPORT_2026021129449169,retry=0,createdDate=null,latestErrorMessage=null,prePackage=null,postPackage=null,], rootDir=/opt/MedallionFiles/data/attachments/reportloader/valid/
2026-02-11 09:16:29,459 [[ACTIVE] ExecuteThread: '6' for queue: 'weblogic.kernel.Default (self-tuning)'] DEBUG PenthaoServiceImpl  341 - initReportDefinition reportFile=RPT_FundBillingManagement.prpt, rootDir=/opt/MedallionFiles/data/attachments/reportloader/valid/
2026-02-11 09:16:29,508 [[ACTIVE] ExecuteThread: '6' for queue: 'weblogic.kernel.Default (self-tuning)'] DEBUG PenthaoServiceImpl  68 - This Report use parameters
2026-02-11 09:16:29,508 [[ACTIVE] ExecuteThread: '6' for queue: 'weblogic.kernel.Default (self-tuning)'] DEBUG PenthaoServiceImpl  70 - Parameter : fund = String
2026-02-11 09:16:29,508 [[ACTIVE] ExecuteThread: '6' for queue: 'weblogic.kernel.Default (self-tuning)'] DEBUG PenthaoServiceImpl  70 - Parameter : billing = String
2026-02-11 09:16:29,508 [[ACTIVE] ExecuteThread: '6' for queue: 'weblogic.kernel.Default (self-tuning)'] DEBUG PenthaoServiceImpl  70 - Parameter : coa = String
2026-02-11 09:16:29,509 [[ACTIVE] ExecuteThread: '6' for queue: 'weblogic.kernel.Default (self-tuning)'] DEBUG PenthaoServiceImpl  70 - Parameter : dateFrom = Date
2026-02-11 09:16:29,509 [[ACTIVE] ExecuteThread: '6' for queue: 'weblogic.kernel.Default (self-tuning)'] DEBUG PenthaoServiceImpl  70 - Parameter : dateTo = Date
2026-02-11 09:16:29,509 [[ACTIVE] ExecuteThread: '6' for queue: 'weblogic.kernel.Default (self-tuning)'] DEBUG PenthaoServiceImpl  70 - Parameter : month = String
2026-02-11 09:16:29,509 [[ACTIVE] ExecuteThread: '6' for queue: 'weblogic.kernel.Default (self-tuning)'] DEBUG PenthaoServiceImpl  70 - Parameter : year = String
2026-02-11 09:16:29,509 [[ACTIVE] ExecuteThread: '6' for queue: 'weblogic.kernel.Default (self-tuning)'] DEBUG PenthaoServiceImpl  70 - Parameter : transferDate = Date
2026-02-11 09:16:29,509 [[ACTIVE] ExecuteThread: '6' for queue: 'weblogic.kernel.Default (self-tuning)'] DEBUG PenthaoServiceImpl  70 - Parameter : trade_frequency = String
2026-02-11 09:16:29,510 [[ACTIVE] ExecuteThread: '6' for queue: 'weblogic.kernel.Default (self-tuning)'] DEBUG PenthaoServiceImpl  70 - Parameter : cbest_fee = String
2026-02-11 09:16:29,511 [[ACTIVE] ExecuteThread: '6' for queue: 'weblogic.kernel.Default (self-tuning)'] DEBUG PenthaoServiceImpl  81 - Complete target file name : /opt/MedallionFiles/data/reportloaderoutput//FUND BILLING REPORT_2026021129449169
2026-02-11 09:16:30,968 [[ACTIVE] ExecuteThread: '6' for queue: 'weblogic.kernel.Default (self-tuning)'] DEBUG PenthaoServiceImpl  159 - Complete generating report on /opt/MedallionFiles/data/reportloaderoutput//FUND BILLING REPORT_2026021129449169.pdf
2026-02-11 09:16:30,975 [[ACTIVE] ExecuteThread: '14' for queue: 'weblogic.kernel.Default (self-tuning)'] DEBUG PenthaoServiceImpl  489 - getFile receive=com.simian.medallion.vo.FileReceive@467abd36
2026-02-11 09:17:17,850 [[ACTIVE] ExecuteThread: '13' for queue: 'weblogic.kernel.Default (self-tuning)'] DEBUG PenthaoServiceImpl  64 - generateReport queue=GnReportQueue[queueKey=null,reportFile=RPT_FundBillingManagement.prpt,outputType=PDF,processed=false,resultFilename=null,json=[{"field":"dateFrom","type":"Date","value":"1767200400000"},{"field":"coa","type":"String","value":"2010204"},{"field":"billing","type":"String","value":"CF"},{"field":"fund","type":"String","value":"JFI02FICCORTHE00"},{"field":"transferDate","type":"Date","value":"1770829200000"},{"field":"year","type":"String","value":"2026"},{"field":"month","type":"String","value":"01"},{"field":"dateTo","type":"Date","value":"1769706000000"},{"field":"cbest_fee","type":"String","value":"64013"},{"field":"trade_frequency","type":"String","value":"2"}],path=/opt/MedallionFiles/data/reportloaderoutput/,filename=FUND BILLING REPORT_2026021117842179,retry=0,createdDate=null,latestErrorMessage=null,prePackage=null,postPackage=null,], rootDir=/opt/MedallionFiles/data/attachments/reportloader/valid/
2026-02-11 09:17:17,851 [[ACTIVE] ExecuteThread: '13' for queue: 'weblogic.kernel.Default (self-tuning)'] DEBUG PenthaoServiceImpl  341 - initReportDefinition reportFile=RPT_FundBillingManagement.prpt, rootDir=/opt/MedallionFiles/data/attachments/reportloader/valid/
2026-02-11 09:17:17,891 [[ACTIVE] ExecuteThread: '13' for queue: 'weblogic.kernel.Default (self-tuning)'] DEBUG PenthaoServiceImpl  68 - This Report use parameters
2026-02-11 09:17:17,892 [[ACTIVE] ExecuteThread: '13' for queue: 'weblogic.kernel.Default (self-tuning)'] DEBUG PenthaoServiceImpl  70 - Parameter : fund = String
2026-02-11 09:17:17,892 [[ACTIVE] ExecuteThread: '13' for queue: 'weblogic.kernel.Default (self-tuning)'] DEBUG PenthaoServiceImpl  70 - Parameter : billing = String
2026-02-11 09:17:17,892 [[ACTIVE] ExecuteThread: '13' for queue: 'weblogic.kernel.Default (self-tuning)'] DEBUG PenthaoServiceImpl  70 - Parameter : coa = String
2026-02-11 09:17:17,892 [[ACTIVE] ExecuteThread: '13' for queue: 'weblogic.kernel.Default (self-tuning)'] DEBUG PenthaoServiceImpl  70 - Parameter : dateFrom = Date
2026-02-11 09:17:17,892 [[ACTIVE] ExecuteThread: '13' for queue: 'weblogic.kernel.Default (self-tuning)'] DEBUG PenthaoServiceImpl  70 - Parameter : dateTo = Date
2026-02-11 09:17:17,893 [[ACTIVE] ExecuteThread: '13' for queue: 'weblogic.kernel.Default (self-tuning)'] DEBUG PenthaoServiceImpl  70 - Parameter : month = String
2026-02-11 09:17:17,893 [[ACTIVE] ExecuteThread: '13' for queue: 'weblogic.kernel.Default (self-tuning)'] DEBUG PenthaoServiceImpl  70 - Parameter : year = String
2026-02-11 09:17:17,893 [[ACTIVE] ExecuteThread: '13' for queue: 'weblogic.kernel.Default (self-tuning)'] DEBUG PenthaoServiceImpl  70 - Parameter : transferDate = Date
2026-02-11 09:17:17,893 [[ACTIVE] ExecuteThread: '13' for queue: 'weblogic.kernel.Default (self-tuning)'] DEBUG PenthaoServiceImpl  70 - Parameter : trade_frequency = String
2026-02-11 09:17:17,893 [[ACTIVE] ExecuteThread: '13' for queue: 'weblogic.kernel.Default (self-tuning)'] DEBUG PenthaoServiceImpl  70 - Parameter : cbest_fee = String
2026-02-11 09:17:17,894 [[ACTIVE] ExecuteThread: '13' for queue: 'weblogic.kernel.Default (self-tuning)'] DEBUG PenthaoServiceImpl  81 - Complete target file name : /opt/MedallionFiles/data/reportloaderoutput//FUND BILLING REPORT_2026021117842179
2026-02-11 09:17:21,197 [[ACTIVE] ExecuteThread: '13' for queue: 'weblogic.kernel.Default (self-tuning)'] DEBUG PenthaoServiceImpl  159 - Complete generating report on /opt/MedallionFiles/data/reportloaderoutput//FUND BILLING REPORT_2026021117842179.pdf
2026-02-11 09:17:21,202 [[ACTIVE] ExecuteThread: '6' for queue: 'weblogic.kernel.Default (self-tuning)'] DEBUG PenthaoServiceImpl  489 - getFile receive=com.simian.medallion.vo.FileReceive@371be2fb
2026-02-11 09:26:18,919 [[ACTIVE] ExecuteThread: '13' for queue: 'weblogic.kernel.Default (self-tuning)'] DEBUG PenthaoServiceImpl  64 - generateReport queue=GnReportQueue[queueKey=null,reportFile=PortfolioReport.prpt,outputType=XLSX,processed=false,resultFilename=null,json=[{"field":"dateTo","type":"Date","value":"1767114000000"},{"field":"dateFrom","type":"Date","value":"1767114000000"},{"field":"fund_key","type":"String","value":"14"},{"field":"fund_manager","type":"String","value":" All"}],path=/opt/MedallionFiles/data/reportloaderoutput/,filename=PORTFOLIO REPORT_2026021118910269,retry=0,createdDate=null,latestErrorMessage=null,prePackage=null,postPackage=null,], rootDir=/opt/MedallionFiles/data/attachments/reportloader/valid/
2026-02-11 09:26:18,919 [[ACTIVE] ExecuteThread: '13' for queue: 'weblogic.kernel.Default (self-tuning)'] DEBUG PenthaoServiceImpl  341 - initReportDefinition reportFile=PortfolioReport.prpt, rootDir=/opt/MedallionFiles/data/attachments/reportloader/valid/
2026-02-11 09:26:19,023 [[ACTIVE] ExecuteThread: '13' for queue: 'weblogic.kernel.Default (self-tuning)'] DEBUG PenthaoServiceImpl  68 - This Report use parameters
2026-02-11 09:26:19,023 [[ACTIVE] ExecuteThread: '13' for queue: 'weblogic.kernel.Default (self-tuning)'] DEBUG PenthaoServiceImpl  70 - Parameter : fund_key = String
2026-02-11 09:26:19,023 [[ACTIVE] ExecuteThread: '13' for queue: 'weblogic.kernel.Default (self-tuning)'] DEBUG PenthaoServiceImpl  70 - Parameter : dateFrom = Date
2026-02-11 09:26:19,023 [[ACTIVE] ExecuteThread: '13' for queue: 'weblogic.kernel.Default (self-tuning)'] DEBUG PenthaoServiceImpl  70 - Parameter : dateTo = Date
2026-02-11 09:26:19,024 [[ACTIVE] ExecuteThread: '13' for queue: 'weblogic.kernel.Default (self-tuning)'] DEBUG PenthaoServiceImpl  70 - Parameter : fund_manager = String
2026-02-11 09:26:19,025 [[ACTIVE] ExecuteThread: '13' for queue: 'weblogic.kernel.Default (self-tuning)'] DEBUG PenthaoServiceImpl  81 - Complete target file name : /opt/MedallionFiles/data/reportloaderoutput//PORTFOLIO REPORT_2026021118910269
2026-02-11 09:26:41,108 [[ACTIVE] ExecuteThread: '13' for queue: 'weblogic.kernel.Default (self-tuning)'] DEBUG PenthaoServiceImpl  159 - Complete generating report on /opt/MedallionFiles/data/reportloaderoutput//PORTFOLIO REPORT_2026021118910269.xlsx
2026-02-11 09:26:41,114 [[ACTIVE] ExecuteThread: '6' for queue: 'weblogic.kernel.Default (self-tuning)'] DEBUG PenthaoServiceImpl  489 - getFile receive=com.simian.medallion.vo.FileReceive@ce8574c
2026-02-11 09:27:43,871 [[ACTIVE] ExecuteThread: '6' for queue: 'weblogic.kernel.Default (self-tuning)'] DEBUG PenthaoServiceImpl  64 - generateReport queue=GnReportQueue[queueKey=null,reportFile=AccruedInterestReport.prpt,outputType=XLSX,processed=false,resultFilename=null,json=[{"field":"dateTo","type":"Date","value":"1767114000000"},{"field":"dateFrom","type":"Date","value":"1767114000000"},{"field":"fund_key","type":"String","value":" All"},{"field":"fund_manager","type":"String","value":" All"}],path=/opt/MedallionFiles/data/reportloaderoutput/,filename=ACCRUED INTEREST REPORT_2026021143861279,retry=0,createdDate=null,latestErrorMessage=null,prePackage=null,postPackage=null,], rootDir=/opt/MedallionFiles/data/attachments/reportloader/valid/
2026-02-11 09:27:43,871 [[ACTIVE] ExecuteThread: '6' for queue: 'weblogic.kernel.Default (self-tuning)'] DEBUG PenthaoServiceImpl  341 - initReportDefinition reportFile=AccruedInterestReport.prpt, rootDir=/opt/MedallionFiles/data/attachments/reportloader/valid/
2026-02-11 09:27:43,922 [[ACTIVE] ExecuteThread: '6' for queue: 'weblogic.kernel.Default (self-tuning)'] DEBUG PenthaoServiceImpl  68 - This Report use parameters
2026-02-11 09:27:43,923 [[ACTIVE] ExecuteThread: '6' for queue: 'weblogic.kernel.Default (self-tuning)'] DEBUG PenthaoServiceImpl  70 - Parameter : fund_key = String
2026-02-11 09:27:43,923 [[ACTIVE] ExecuteThread: '6' for queue: 'weblogic.kernel.Default (self-tuning)'] DEBUG PenthaoServiceImpl  70 - Parameter : dateFrom = Date
2026-02-11 09:27:43,923 [[ACTIVE] ExecuteThread: '6' for queue: 'weblogic.kernel.Default (self-tuning)'] DEBUG PenthaoServiceImpl  70 - Parameter : dateTo = Date
2026-02-11 09:27:43,924 [[ACTIVE] ExecuteThread: '6' for queue: 'weblogic.kernel.Default (self-tuning)'] DEBUG PenthaoServiceImpl  70 - Parameter : fund_manager = String
2026-02-11 09:27:43,924 [[ACTIVE] ExecuteThread: '6' for queue: 'weblogic.kernel.Default (self-tuning)'] DEBUG PenthaoServiceImpl  81 - Complete target file name : /opt/MedallionFiles/data/reportloaderoutput//ACCRUED INTEREST REPORT_2026021143861279
2026-02-11 09:28:30,515 [[ACTIVE] ExecuteThread: '4' for queue: 'weblogic.kernel.Default (self-tuning)'] DEBUG PenthaoServiceImpl  64 - generateReport queue=GnReportQueue[queueKey=null,reportFile=AccruedInterestReport.prpt,outputType=XLSX,processed=false,resultFilename=null,json=[{"field":"dateTo","type":"Date","value":"1767114000000"},{"field":"dateFrom","type":"Date","value":"1767114000000"},{"field":"fund_key","type":"String","value":"14"},{"field":"fund_manager","type":"String","value":" All"}],path=/opt/MedallionFiles/data/reportloaderoutput/,filename=ACCRUED INTEREST REPORT_2026021130507289,retry=0,createdDate=null,latestErrorMessage=null,prePackage=null,postPackage=null,], rootDir=/opt/MedallionFiles/data/attachments/reportloader/valid/
2026-02-11 09:28:30,516 [[ACTIVE] ExecuteThread: '4' for queue: 'weblogic.kernel.Default (self-tuning)'] DEBUG PenthaoServiceImpl  341 - initReportDefinition reportFile=AccruedInterestReport.prpt, rootDir=/opt/MedallionFiles/data/attachments/reportloader/valid/
2026-02-11 09:28:30,565 [[ACTIVE] ExecuteThread: '4' for queue: 'weblogic.kernel.Default (self-tuning)'] DEBUG PenthaoServiceImpl  68 - This Report use parameters
2026-02-11 09:28:30,566 [[ACTIVE] ExecuteThread: '4' for queue: 'weblogic.kernel.Default (self-tuning)'] DEBUG PenthaoServiceImpl  70 - Parameter : fund_key = String
2026-02-11 09:28:30,566 [[ACTIVE] ExecuteThread: '4' for queue: 'weblogic.kernel.Default (self-tuning)'] DEBUG PenthaoServiceImpl  70 - Parameter : dateFrom = Date
2026-02-11 09:28:30,566 [[ACTIVE] ExecuteThread: '4' for queue: 'weblogic.kernel.Default (self-tuning)'] DEBUG PenthaoServiceImpl  70 - Parameter : dateTo = Date
2026-02-11 09:28:30,566 [[ACTIVE] ExecuteThread: '4' for queue: 'weblogic.kernel.Default (self-tuning)'] DEBUG PenthaoServiceImpl  70 - Parameter : fund_manager = String
2026-02-11 09:28:30,567 [[ACTIVE] ExecuteThread: '4' for queue: 'weblogic.kernel.Default (self-tuning)'] DEBUG PenthaoServiceImpl  81 - Complete target file name : /opt/MedallionFiles/data/reportloaderoutput//ACCRUED INTEREST REPORT_2026021130507289
2026-02-11 09:28:31,992 [[ACTIVE] ExecuteThread: '4' for queue: 'weblogic.kernel.Default (self-tuning)'] DEBUG PenthaoServiceImpl  159 - Complete generating report on /opt/MedallionFiles/data/reportloaderoutput//ACCRUED INTEREST REPORT_2026021130507289.xlsx
2026-02-11 09:28:32,001 [[ACTIVE] ExecuteThread: '1' for queue: 'weblogic.kernel.Default (self-tuning)'] DEBUG PenthaoServiceImpl  489 - getFile receive=com.simian.medallion.vo.FileReceive@678ab066
2026-02-11 09:28:38,929 [[ACTIVE] ExecuteThread: '6' for queue: 'weblogic.kernel.Default (self-tuning)'] DEBUG PenthaoServiceImpl  159 - Complete generating report on /opt/MedallionFiles/data/reportloaderoutput//ACCRUED INTEREST REPORT_2026021143861279.xlsx
2026-02-11 09:28:38,937 [[ACTIVE] ExecuteThread: '1' for queue: 'weblogic.kernel.Default (self-tuning)'] DEBUG PenthaoServiceImpl  489 - getFile receive=com.simian.medallion.vo.FileReceive@332136b1
2026-02-11 09:33:57,441 [[ACTIVE] ExecuteThread: '1' for queue: 'weblogic.kernel.Default (self-tuning)'] DEBUG PenthaoServiceImpl  64 - generateReport queue=GnReportQueue[queueKey=null,reportFile=NavReport.prpt,outputType=PDF,processed=false,resultFilename=null,json=[{"field":"DateTo","type":"Date","value":"1767114000000"},{"field":"DateFrom","type":"Date","value":"1767114000000"},{"field":"fund_key","type":"String","value":"128"},{"field":"fund_manager","type":"String","value":" All"},{"field":"userId","type":"Long","value":"260"}],path=/opt/MedallionFiles/data/reportloaderoutput/,filename=LAPORAN AKTIVA DAN KEWAJIBAN REKSADANA_2026021148539339,retry=0,createdDate=null,latestErrorMessage=null,prePackage=PKG_REPORT.P_RPT_AKTIVADANKEWAJIBAN(${fund_key},${fund_manager},${DateFrom},${DateTo},${userId}),postPackage=null,], rootDir=/opt/MedallionFiles/data/attachments/reportloader/valid/
2026-02-11 09:33:57,442 [[ACTIVE] ExecuteThread: '1' for queue: 'weblogic.kernel.Default (self-tuning)'] DEBUG PenthaoServiceImpl  341 - initReportDefinition reportFile=NavReport.prpt, rootDir=/opt/MedallionFiles/data/attachments/reportloader/valid/
2026-02-11 09:33:57,515 [[ACTIVE] ExecuteThread: '1' for queue: 'weblogic.kernel.Default (self-tuning)'] DEBUG PenthaoServiceImpl  68 - This Report use parameters
2026-02-11 09:33:57,515 [[ACTIVE] ExecuteThread: '1' for queue: 'weblogic.kernel.Default (self-tuning)'] DEBUG PenthaoServiceImpl  70 - Parameter : fund_key = String
2026-02-11 09:33:57,515 [[ACTIVE] ExecuteThread: '1' for queue: 'weblogic.kernel.Default (self-tuning)'] DEBUG PenthaoServiceImpl  70 - Parameter : DateFrom = Date
2026-02-11 09:33:57,516 [[ACTIVE] ExecuteThread: '1' for queue: 'weblogic.kernel.Default (self-tuning)'] DEBUG PenthaoServiceImpl  70 - Parameter : DateTo = Date
2026-02-11 09:33:57,516 [[ACTIVE] ExecuteThread: '1' for queue: 'weblogic.kernel.Default (self-tuning)'] DEBUG PenthaoServiceImpl  70 - Parameter : userId = Long
2026-02-11 09:33:57,516 [[ACTIVE] ExecuteThread: '1' for queue: 'weblogic.kernel.Default (self-tuning)'] DEBUG PenthaoServiceImpl  70 - Parameter : fund_manager = String
2026-02-11 09:33:57,517 [[ACTIVE] ExecuteThread: '1' for queue: 'weblogic.kernel.Default (self-tuning)'] DEBUG PenthaoServiceImpl  81 - Complete target file name : /opt/MedallionFiles/data/reportloaderoutput//LAPORAN AKTIVA DAN KEWAJIBAN REKSADANA_2026021148539339
2026-02-11 09:33:57,982 [[ACTIVE] ExecuteThread: '1' for queue: 'weblogic.kernel.Default (self-tuning)'] DEBUG PenthaoServiceImpl  159 - Complete generating report on /opt/MedallionFiles/data/reportloaderoutput//LAPORAN AKTIVA DAN KEWAJIBAN REKSADANA_2026021148539339.pdf
2026-02-11 09:33:57,989 [[ACTIVE] ExecuteThread: '6' for queue: 'weblogic.kernel.Default (self-tuning)'] DEBUG PenthaoServiceImpl  489 - getFile receive=com.simian.medallion.vo.FileReceive@139c0ba5
